# JRE version: OpenJDK Runtime Environment Temurin-21.0.10+7 (21.0.10+7) (build 21.0.10+7-LTS)
# Java VM: OpenJDK 64-Bit Server VM Temurin-21.0.10+7 (21.0.10+7-LTS, mixed mode, sharing, tiered, compressed oops, compressed class ptrs, parallel gc, windows-amd64)
GC Precious Log:
 CardTable entry size: 512
 CPUs: 12 total, 12 available
 Memory: 16067M
 Large Page Support: Disabled
 NUMA Support: Disabled
 Compressed Oops: Enabled (32-bit)
 Alignments: Space 512K, Generation 512K, Heap 2M
 Heap Min Capacity: 100M
 Heap Initial Capacity: 100M
 Heap Max Capacity: 2G
 Pre-touch: Disabled
 Parallel Workers: 10
Heap:
 PSYoungGen      total 18432K, used 3655K [0x00000000d5580000, 0x00000000d6b00000, 0x0000000100000000)
  eden space 16384K, 10% used [0x00000000d5580000,0x00000000d571be58,0x00000000d6580000)
  from space 2048K, 98% used [0x00000000d6900000,0x00000000d6af6008,0x00000000d6b00000)
  to   space 2560K, 0% used [0x00000000d6600000,0x00000000d6600000,0x00000000d6880000)
 ParOldGen       total 68608K, used 60027K [0x0000000080000000, 0x0000000084300000, 0x00000000d5580000)
  object space 68608K, 87% used [0x0000000080000000,0x0000000083a9ed40,0x0000000084300000)
 Metaspace       used 58319K, committed 59520K, reserved 1114112K
  class space    used 6377K, committed 6912K, reserved 1048576K
GC Heap History (20 events):
Event: 18.599 GC heap before
{Heap before GC invocations=30 (full 2):
 PSYoungGen      total 23552K, used 23533K [0x00000000d5580000, 0x00000000d7300000, 0x0000000100000000)
  eden space 22016K, 100% used [0x00000000d5580000,0x00000000d6b00000,0x00000000d6b00000)
  from space 1536K, 98% used [0x00000000d6b80000,0x00000000d6cfb530,0x00000000d6d00000)
  to   space 4096K, 0% used [0x00000000d6f00000,0x00000000d6f00000,0x00000000d7300000)
 ParOldGen       total 68608K, used 37313K [0x0000000080000000, 0x0000000084300000, 0x00000000d5580000)
  object space 68608K, 54% used [0x0000000080000000,0x0000000082470758,0x0000000084300000)
 Metaspace       used 56571K, committed 57792K, reserved 1114112K
  class space    used 6208K, committed 6720K, reserved 1048576K
}
Event: 18.602 GC heap after
{Heap after GC invocations=30 (full 2):
 PSYoungGen      total 24576K, used 2112K [0x00000000d5580000, 0x00000000d7180000, 0x0000000100000000)
  eden space 22016K, 0% used [0x00000000d5580000,0x00000000d5580000,0x00000000d6b00000)
  from space 2560K, 82% used [0x00000000d6f00000,0x00000000d7110010,0x00000000d7180000)
  to   space 3072K, 0% used [0x00000000d6b80000,0x00000000d6b80000,0x00000000d6e80000)
 ParOldGen       total 68608K, used 38836K [0x0000000080000000, 0x0000000084300000, 0x00000000d5580000)
  object space 68608K, 56% used [0x0000000080000000,0x00000000825ed280,0x0000000084300000)
 Metaspace       used 56571K, committed 57792K, reserved 1114112K
  class space    used 6208K, committed 6720K, reserved 1048576K
}
Event: 18.760 GC heap before
{Heap before GC invocations=31 (full 2):
 PSYoungGen      total 24576K, used 24128K [0x00000000d5580000, 0x00000000d7180000, 0x0000000100000000)
  eden space 22016K, 100% used [0x00000000d5580000,0x00000000d6b00000,0x00000000d6b00000)
  from space 2560K, 82% used [0x00000000d6f00000,0x00000000d7110010,0x00000000d7180000)
  to   space 3072K, 0% used [0x00000000d6b80000,0x00000000d6b80000,0x00000000d6e80000)
 ParOldGen       total 68608K, used 38836K [0x0000000080000000, 0x0000000084300000, 0x00000000d5580000)
  object space 68608K, 56% used [0x0000000080000000,0x00000000825ed280,0x0000000084300000)
 Metaspace       used 57280K, committed 58496K, reserved 1114112K
  class space    used 6295K, committed 6848K, reserved 1048576K
}
Event: 18.764 GC heap after
{Heap after GC invocations=31 (full 2):
 PSYoungGen      total 24576K, used 2433K [0x00000000d5580000, 0x00000000d7000000, 0x0000000100000000)
  eden space 22016K, 0% used [0x00000000d5580000,0x00000000d5580000,0x00000000d6b00000)
  from space 2560K, 95% used [0x00000000d6b80000,0x00000000d6de07d0,0x00000000d6e00000)
  to   space 2048K, 0% used [0x00000000d6e00000,0x00000000d6e00000,0x00000000d7000000)
 ParOldGen       total 68608K, used 40820K [0x0000000080000000, 0x0000000084300000, 0x00000000d5580000)
  object space 68608K, 59% used [0x0000000080000000,0x00000000827dd290,0x0000000084300000)
 Metaspace       used 57280K, committed 58496K, reserved 1114112K
  class space    used 6295K, committed 6848K, reserved 1048576K
}
Event: 18.839 GC heap before
{Heap before GC invocations=32 (full 2):
 PSYoungGen      total 24576K, used 24449K [0x00000000d5580000, 0x00000000d7000000, 0x0000000100000000)
  eden space 22016K, 100% used [0x00000000d5580000,0x00000000d6b00000,0x00000000d6b00000)
  from space 2560K, 95% used [0x00000000d6b80000,0x00000000d6de07d0,0x00000000d6e00000)
  to   space 2048K, 0% used [0x00000000d6e00000,0x00000000d6e00000,0x00000000d7000000)
 ParOldGen       total 68608K, used 40820K [0x0000000080000000, 0x0000000084300000, 0x00000000d5580000)
  object space 68608K, 59% used [0x0000000080000000,0x00000000827dd290,0x0000000084300000)
 Metaspace       used 57491K, committed 58688K, reserved 1114112K
  class space    used 6322K, committed 6848K, reserved 1048576K
}
Event: 18.845 GC heap after
{Heap after GC invocations=32 (full 2):
 PSYoungGen      total 22016K, used 2028K [0x00000000d5580000, 0x00000000d7500000, 0x0000000100000000)
  eden space 19968K, 0% used [0x00000000d5580000,0x00000000d5580000,0x00000000d6900000)
  from space 2048K, 99% used [0x00000000d6e00000,0x00000000d6ffb1e8,0x00000000d7000000)
  to   space 5120K, 0% used [0x00000000d6900000,0x00000000d6900000,0x00000000d6e00000)
 ParOldGen       total 68608K, used 43074K [0x0000000080000000, 0x0000000084300000, 0x00000000d5580000)
  object space 68608K, 62% used [0x0000000080000000,0x0000000082a10bd0,0x0000000084300000)
 Metaspace       used 57491K, committed 58688K, reserved 1114112K
  class space    used 6322K, committed 6848K, reserved 1048576K
}
Event: 18.910 GC heap before
{Heap before GC invocations=33 (full 2):
 PSYoungGen      total 22016K, used 21996K [0x00000000d5580000, 0x00000000d7500000, 0x0000000100000000)
  eden space 19968K, 100% used [0x00000000d5580000,0x00000000d6900000,0x00000000d6900000)
  from space 2048K, 99% used [0x00000000d6e00000,0x00000000d6ffb1e8,0x00000000d7000000)
  to   space 5120K, 0% used [0x00000000d6900000,0x00000000d6900000,0x00000000d6e00000)
 ParOldGen       total 68608K, used 43074K [0x0000000080000000, 0x0000000084300000, 0x00000000d5580000)
  object space 68608K, 62% used [0x0000000080000000,0x0000000082a10bd0,0x0000000084300000)
 Metaspace       used 57530K, committed 58880K, reserved 1114112K
  class space    used 6325K, committed 6912K, reserved 1048576K
}
Event: 18.914 GC heap after
{Heap after GC invocations=33 (full 2):
 PSYoungGen      total 22528K, used 2105K [0x00000000d5580000, 0x00000000d6f00000, 0x0000000100000000)
  eden space 19968K, 0% used [0x00000000d5580000,0x00000000d5580000,0x00000000d6900000)
  from space 2560K, 82% used [0x00000000d6900000,0x00000000d6b0e478,0x00000000d6b80000)
  to   space 3072K, 0% used [0x00000000d6c00000,0x00000000d6c00000,0x00000000d6f00000)
 ParOldGen       total 68608K, used 45098K [0x0000000080000000, 0x0000000084300000, 0x00000000d5580000)
  object space 68608K, 65% used [0x0000000080000000,0x0000000082c0ab18,0x0000000084300000)
 Metaspace       used 57530K, committed 58880K, reserved 1114112K
  class space    used 6325K, committed 6912K, reserved 1048576K
}
Event: 18.960 GC heap before
{Heap before GC invocations=34 (full 2):
 PSYoungGen      total 22528K, used 22073K [0x00000000d5580000, 0x00000000d6f00000, 0x0000000100000000)
  eden space 19968K, 100% used [0x00000000d5580000,0x00000000d6900000,0x00000000d6900000)
  from space 2560K, 82% used [0x00000000d6900000,0x00000000d6b0e478,0x00000000d6b80000)
  to   space 3072K, 0% used [0x00000000d6c00000,0x00000000d6c00000,0x00000000d6f00000)
 ParOldGen       total 68608K, used 45098K [0x0000000080000000, 0x0000000084300000, 0x00000000d5580000)
  object space 68608K, 65% used [0x0000000080000000,0x0000000082c0ab18,0x0000000084300000)
 Metaspace       used 57576K, committed 58944K, reserved 1114112K
  class space    used 6329K, committed 6912K, reserved 1048576K
}
Event: 18.964 GC heap after
{Heap after GC invocations=34 (full 2):
 PSYoungGen      total 22016K, used 1984K [0x00000000d5580000, 0x00000000d6e00000, 0x0000000100000000)
  eden space 19968K, 0% used [0x00000000d5580000,0x00000000d5580000,0x00000000d6900000)
  from space 2048K, 96% used [0x00000000d6c00000,0x00000000d6df0000,0x00000000d6e00000)
  to   space 2560K, 0% used [0x00000000d6900000,0x00000000d6900000,0x00000000d6b80000)
 ParOldGen       total 68608K, used 47045K [0x0000000080000000, 0x0000000084300000, 0x00000000d5580000)
  object space 68608K, 68% used [0x0000000080000000,0x0000000082df1538,0x0000000084300000)
 Metaspace       used 57576K, committed 58944K, reserved 1114112K
  class space    used 6329K, committed 6912K, reserved 1048576K
}
Event: 19.035 GC heap before
{Heap before GC invocations=35 (full 2):
 PSYoungGen      total 22016K, used 21951K [0x00000000d5580000, 0x00000000d6e00000, 0x0000000100000000)
  eden space 19968K, 99% used [0x00000000d5580000,0x00000000d68ffff0,0x00000000d6900000)
  from space 2048K, 96% used [0x00000000d6c00000,0x00000000d6df0000,0x00000000d6e00000)
  to   space 2560K, 0% used [0x00000000d6900000,0x00000000d6900000,0x00000000d6b80000)
 ParOldGen       total 68608K, used 47045K [0x0000000080000000, 0x0000000084300000, 0x00000000d5580000)
  object space 68608K, 68% used [0x0000000080000000,0x0000000082df1538,0x0000000084300000)
 Metaspace       used 57623K, committed 58944K, reserved 1114112K
  class space    used 6329K, committed 6912K, reserved 1048576K
}
Event: 19.039 GC heap after
{Heap after GC invocations=35 (full 2):
 PSYoungGen      total 22528K, used 2203K [0x00000000d5580000, 0x00000000d6e00000, 0x0000000100000000)
  eden space 19968K, 0% used [0x00000000d5580000,0x00000000d5580000,0x00000000d6900000)
  from space 2560K, 86% used [0x00000000d6900000,0x00000000d6b26c18,0x00000000d6b80000)
  to   space 2560K, 0% used [0x00000000d6b80000,0x00000000d6b80000,0x00000000d6e00000)
 ParOldGen       total 68608K, used 48844K [0x0000000080000000, 0x0000000084300000, 0x00000000d5580000)
  object space 68608K, 71% used [0x0000000080000000,0x0000000082fb30b8,0x0000000084300000)
 Metaspace       used 57623K, committed 58944K, reserved 1114112K
  class space    used 6329K, committed 6912K, reserved 1048576K
}
Event: 19.115 GC heap before
{Heap before GC invocations=36 (full 2):
 PSYoungGen      total 22528K, used 22171K [0x00000000d5580000, 0x00000000d6e00000, 0x0000000100000000)
  eden space 19968K, 100% used [0x00000000d5580000,0x00000000d6900000,0x00000000d6900000)
  from space 2560K, 86% used [0x00000000d6900000,0x00000000d6b26c18,0x00000000d6b80000)
  to   space 2560K, 0% used [0x00000000d6b80000,0x00000000d6b80000,0x00000000d6e00000)
 ParOldGen       total 68608K, used 48844K [0x0000000080000000, 0x0000000084300000, 0x00000000d5580000)
  object space 68608K, 71% used [0x0000000080000000,0x0000000082fb30b8,0x0000000084300000)
 Metaspace       used 57699K, committed 59008K, reserved 1114112K
  class space    used 6330K, committed 6912K, reserved 1048576K
}
Event: 19.118 GC heap after
{Heap after GC invocations=36 (full 2):
 PSYoungGen      total 22528K, used 2057K [0x00000000d5580000, 0x00000000d6e00000, 0x0000000100000000)
  eden space 19968K, 0% used [0x00000000d5580000,0x00000000d5580000,0x00000000d6900000)
  from space 2560K, 80% used [0x00000000d6b80000,0x00000000d6d82400,0x00000000d6e00000)
  to   space 2560K, 0% used [0x00000000d6900000,0x00000000d6900000,0x00000000d6b80000)
 ParOldGen       total 68608K, used 50889K [0x0000000080000000, 0x0000000084300000, 0x00000000d5580000)
  object space 68608K, 74% used [0x0000000080000000,0x00000000831b25c8,0x0000000084300000)
 Metaspace       used 57699K, committed 59008K, reserved 1114112K
  class space    used 6330K, committed 6912K, reserved 1048576K
}
Event: 19.287 GC heap before
{Heap before GC invocations=37 (full 2):
 PSYoungGen      total 22528K, used 22025K [0x00000000d5580000, 0x00000000d6e00000, 0x0000000100000000)
  eden space 19968K, 100% used [0x00000000d5580000,0x00000000d6900000,0x00000000d6900000)
  from space 2560K, 80% used [0x00000000d6b80000,0x00000000d6d82400,0x00000000d6e00000)
  to   space 2560K, 0% used [0x00000000d6900000,0x00000000d6900000,0x00000000d6b80000)
 ParOldGen       total 68608K, used 50889K [0x0000000080000000, 0x0000000084300000, 0x00000000d5580000)
  object space 68608K, 74% used [0x0000000080000000,0x00000000831b25c8,0x0000000084300000)
 Metaspace       used 58003K, committed 59328K, reserved 1114112K
  class space    used 6358K, committed 6912K, reserved 1048576K
}
Event: 19.290 GC heap after
{Heap after GC invocations=37 (full 2):
 PSYoungGen      total 22016K, used 1880K [0x00000000d5580000, 0x00000000d6d00000, 0x0000000100000000)
  eden space 19968K, 0% used [0x00000000d5580000,0x00000000d5580000,0x00000000d6900000)
  from space 2048K, 91% used [0x00000000d6900000,0x00000000d6ad63b8,0x00000000d6b00000)
  to   space 2048K, 0% used [0x00000000d6b00000,0x00000000d6b00000,0x00000000d6d00000)
 ParOldGen       total 68608K, used 52792K [0x0000000080000000, 0x0000000084300000, 0x00000000d5580000)
  object space 68608K, 76% used [0x0000000080000000,0x000000008338e348,0x0000000084300000)
 Metaspace       used 58003K, committed 59328K, reserved 1114112K
  class space    used 6358K, committed 6912K, reserved 1048576K
}
Event: 19.461 GC heap before
{Heap before GC invocations=38 (full 2):
 PSYoungGen      total 22016K, used 21848K [0x00000000d5580000, 0x00000000d6d00000, 0x0000000100000000)
  eden space 19968K, 100% used [0x00000000d5580000,0x00000000d6900000,0x00000000d6900000)
  from space 2048K, 91% used [0x00000000d6900000,0x00000000d6ad63b8,0x00000000d6b00000)
  to   space 2048K, 0% used [0x00000000d6b00000,0x00000000d6b00000,0x00000000d6d00000)
 ParOldGen       total 68608K, used 52792K [0x0000000080000000, 0x0000000084300000, 0x00000000d5580000)
  object space 68608K, 76% used [0x0000000080000000,0x000000008338e348,0x0000000084300000)
 Metaspace       used 58085K, committed 59392K, reserved 1114112K
  class space    used 6362K, committed 6912K, reserved 1048576K
}
Event: 19.465 GC heap after
{Heap after GC invocations=38 (full 2):
 PSYoungGen      total 18432K, used 2034K [0x00000000d5580000, 0x00000000d7400000, 0x0000000100000000)
  eden space 16384K, 0% used [0x00000000d5580000,0x00000000d5580000,0x00000000d6580000)
  from space 2048K, 99% used [0x00000000d6b00000,0x00000000d6cfcbf0,0x00000000d6d00000)
  to   space 5632K, 0% used [0x00000000d6580000,0x00000000d6580000,0x00000000d6b00000)
 ParOldGen       total 68608K, used 55530K [0x0000000080000000, 0x0000000084300000, 0x00000000d5580000)
  object space 68608K, 80% used [0x0000000080000000,0x000000008363a818,0x0000000084300000)
 Metaspace       used 58085K, committed 59392K, reserved 1114112K
  class space    used 6362K, committed 6912K, reserved 1048576K
}
Event: 19.552 GC heap before
{Heap before GC invocations=39 (full 2):
 PSYoungGen      total 18432K, used 18385K [0x00000000d5580000, 0x00000000d7400000, 0x0000000100000000)
  eden space 16384K, 99% used [0x00000000d5580000,0x00000000d6577a30,0x00000000d6580000)
  from space 2048K, 99% used [0x00000000d6b00000,0x00000000d6cfcbf0,0x00000000d6d00000)
  to   space 5632K, 0% used [0x00000000d6580000,0x00000000d6580000,0x00000000d6b00000)
 ParOldGen       total 68608K, used 55530K [0x0000000080000000, 0x0000000084300000, 0x00000000d5580000)
  object space 68608K, 80% used [0x0000000080000000,0x000000008363a818,0x0000000084300000)
 Metaspace       used 58103K, committed 59392K, reserved 1114112K
  class space    used 6362K, committed 6912K, reserved 1048576K
}
Event: 19.555 GC heap after
{Heap after GC invocations=39 (full 2):
 PSYoungGen      total 19456K, used 2793K [0x00000000d5580000, 0x00000000d6c80000, 0x0000000100000000)
  eden space 16384K, 0% used [0x00000000d5580000,0x00000000d5580000,0x00000000d6580000)
  from space 3072K, 90% used [0x00000000d6580000,0x00000000d683a420,0x00000000d6880000)
  to   space 3584K, 0% used [0x00000000d6900000,0x00000000d6900000,0x00000000d6c80000)
 ParOldGen       total 68608K, used 57409K [0x0000000080000000, 0x0000000084300000, 0x00000000d5580000)
  object space 68608K, 83% used [0x0000000080000000,0x00000000838106d0,0x0000000084300000)
 Metaspace       used 58103K, committed 59392K, reserved 1114112K
  class space    used 6362K, committed 6912K, reserved 1048576K
}

