<?xml version="1.0" encoding="UTF-8"?>
<testsuite xmlns:xsi="http://www.w3.org/2001/XMLSchema-instance" xsi:noNamespaceSchemaLocation="https://maven.apache.org/surefire/maven-surefire-plugin/xsd/surefire-test-report-3.0.xsd" version="3.0" name="com.university.studentapi.controller.StudentControllerTest" time="9.513" tests="3" errors="0" skipped="0" failures="0">
  <properties>
[...]
</properties>
  <testcase name="shouldReturnBadRequestForInvalidIdFormat" classname="com.university.studentapi.controller.StudentControllerTest" time="1.89">
    <system-out><![CDATA[15:28:40.181 [main] INFO org.springframework.test.context.support.AnnotationConfigContextLoaderUtils -- Could not detect default configuration classes for test class [com.university.studentapi.controller.StudentControllerTest]: StudentControllerTest does not declare any static, non-private, non-final, nested classes annotated with @Configuration.
15:28:40.686 [main] INFO org.springframework.boot.test.context.SpringBootTestContextBootstrapper -- Found @SpringBootConfiguration com.university.studentapi.StudentApiApplication for test class com.university.studentapi.controller.StudentControllerTest

  .   ____          _            __ _ _
 /\\ / ___'_ __ _ _(_)_ __  __ _ \ \ \ \
( ( )\___ | '_ | '_| | '_ \/ _` | \ \ \ \
 \\/  ___)| |_)| | | | | || (_| |  ) ) ) )
  '  |____| .__|_| |_|_| |_\__, | / / / /
 =========|_|==============|___/=/_/_/_/

 :: Spring Boot ::                (v3.3.4)

2026-03-15T15:28:42.329+05:30  INFO 4460 --- [student-api] [           main] c.u.s.controller.StudentControllerTest   : Starting StudentControllerTest using Java 24.0.1 with PID 4460 (started by vamsi in C:\Users\vamsi\Desktop\FSAD-SKILL\SKILL 9)
2026-03-15T15:28:42.336+05:30  INFO 4460 --- [student-api] [           main] c.u.s.controller.StudentControllerTest   : No active profile set, falling back to 1 default profile: "default"
2026-03-15T15:28:46.995+05:30  INFO 4460 --- [student-api] [           main] o.s.b.t.m.w.SpringBootMockServletContext : Initializing Spring TestDispatcherServlet ''
2026-03-15T15:28:46.998+05:30  INFO 4460 --- [student-api] [           main] o.s.t.web.servlet.TestDispatcherServlet  : Initializing Servlet ''
2026-03-15T15:28:47.022+05:30  INFO 4460 --- [student-api] [           main] o.s.t.web.servlet.TestDispatcherServlet  : Completed initialization in 3 ms
2026-03-15T15:28:47.199+05:30  INFO 4460 --- [student-api] [           main] c.u.s.controller.StudentControllerTest   : Started StudentControllerTest in 5.975 seconds (process running for 21.996)
]]></system-out>
    <system-err><![CDATA[WARNING: A Java agent has been loaded dynamically (C:\Users\vamsi\.m2\repository\net\bytebuddy\byte-buddy-agent\1.14.19\byte-buddy-agent-1.14.19.jar)
WARNING: If a serviceability tool is in use, please run with -XX:+EnableDynamicAgentLoading to hide this warning
WARNING: If a serviceability tool is not in use, please run with -Djdk.instrument.traceUsage for more information
WARNING: Dynamic loading of agents will be disallowed by default in a future release
]]></system-err>
  </testcase>
  <testcase name="shouldReturnStudentForValidId" classname="com.university.studentapi.controller.StudentControllerTest" time="0.022"/>
  <testcase name="shouldReturnNotFoundForUnknownStudentId" classname="com.university.studentapi.controller.StudentControllerTest" time="0.014"/>
</testsuite>